Build started 12/10/2011 10:08:28 PM.
     1>Project "C:\Users\HTPC\Documents\cs175\Final Project\CS175-Final\asst2.vcxproj" on node 2 (build target(s)).
     1>InitializeBuildStatus:
         Touching ".\Debug\asst2.unsuccessfulbuild".
       ClCompile:
         C:\Program Files (x86)\Microsoft Visual Studio 10.0\VC\bin\CL.exe /c /ZI /nologo /W3 /WX- /Od /Oy- /D WIN32 /D _DEBUG /D _CONSOLE /D _UNICODE /D UNICODE /Gm /EHsc /RTC1 /MDd /GS /fp:precise /Zc:wchar_t /Zc:forScope /Fo".\Debug\\" /Fd".\Debug\vc100.pdb" /Gd /TP /analyze- /errorReport:prompt asst4.cpp
         asst4.cpp
       ManifestResourceCompile:
         All outputs are up-to-date.
       Link:
         C:\Program Files (x86)\Microsoft Visual Studio 10.0\VC\bin\link.exe /ERRORREPORT:PROMPT /OUT:".\Debug\asst2.exe" /INCREMENTAL /NOLOGO glew32.lib glut32.lib kernel32.lib user32.lib gdi32.lib winspool.lib comdlg32.lib advapi32.lib shell32.lib ole32.lib oleaut32.lib uuid.lib odbc32.lib odbccp32.lib /MANIFEST /ManifestFile:".\Debug\asst2.exe.intermediate.manifest" /MANIFESTUAC:"level='asInvoker' uiAccess='false'" /DEBUG /PDB:"C:\Users\HTPC\Documents\cs175\Final Project\CS175-Final\Debug\asst2.pdb" /SUBSYSTEM:CONSOLE /TLBID:1 /DYNAMICBASE /NXCOMPAT /IMPLIB:".\Debug\asst2.lib" /MACHINE:X86 .\Debug\asst2.exe.embed.manifest.res
         .\Debug\asst4.obj
         .\Debug\glsupport.obj
         .\Debug\picker.obj
         .\Debug\ppm.obj
         .\Debug\scenegraph.obj
       Manifest:
         C:\Program Files (x86)\Microsoft SDKs\Windows\v7.0A\bin\mt.exe /nologo /verbose /out:".\Debug\asst2.exe.embed.manifest" /manifest .\Debug\asst2.exe.intermediate.manifest
         All outputs are up-to-date.
       LinkEmbedManifest:
         All outputs are up-to-date.
         asst2.vcxproj -> C:\Users\HTPC\Documents\cs175\Final Project\CS175-Final\.\Debug\asst2.exe
       FinalizeBuildStatus:
         Deleting file ".\Debug\asst2.unsuccessfulbuild".
         Touching ".\Debug\asst2.lastbuildstate".
     1>Done Building Project "C:\Users\HTPC\Documents\cs175\Final Project\CS175-Final\asst2.vcxproj" (build target(s)).

Build succeeded.

Time Elapsed 00:00:05.09
