Build started 12/16/2011 12:30:38 AM.
     1>Project "C:\Users\HTPC\Documents\cs175\Final Project\CS175-Final\GLVersion\asst2.vcxproj" on node 2 (build target(s)).
     1>InitializeBuildStatus:
         Creating ".\Debug\asst2.unsuccessfulbuild" because "AlwaysCreate" was specified.
       ClCompile:
         C:\Program Files (x86)\Microsoft Visual Studio 10.0\VC\bin\CL.exe /c /ZI /nologo /W3 /WX- /Od /Oy- /D WIN32 /D _DEBUG /D _CONSOLE /D _UNICODE /D UNICODE /Gm /EHsc /RTC1 /MDd /GS /fp:precise /Zc:wchar_t /Zc:forScope /Fo".\Debug\\" /Fd".\Debug\vc100.pdb" /Gd /TP /analyze- /errorReport:prompt asst3.cpp glsupport.cpp ppm.cpp
         ppm.cpp
         glsupport.cpp
         asst3.cpp
         Generating Code...
       ManifestResourceCompile:
         C:\Program Files (x86)\Microsoft SDKs\Windows\v7.0A\bin\rc.exe /nologo /fo".\Debug\asst2.exe.embed.manifest.res" .\Debug\asst2_manifest.rc 
       Link:
         C:\Program Files (x86)\Microsoft Visual Studio 10.0\VC\bin\link.exe /ERRORREPORT:PROMPT /OUT:".\Debug\asst2.exe" /INCREMENTAL /NOLOGO glew32.lib glut32.lib kernel32.lib user32.lib gdi32.lib winspool.lib comdlg32.lib advapi32.lib shell32.lib ole32.lib oleaut32.lib uuid.lib odbc32.lib odbccp32.lib /MANIFEST /ManifestFile:".\Debug\asst2.exe.intermediate.manifest" /MANIFESTUAC:"level='asInvoker' uiAccess='false'" /DEBUG /PDB:"C:\Users\HTPC\Documents\cs175\Final Project\CS175-Final\GLVersion\Debug\asst2.pdb" /SUBSYSTEM:CONSOLE /TLBID:1 /DYNAMICBASE /NXCOMPAT /IMPLIB:".\Debug\asst2.lib" /MACHINE:X86 .\Debug\asst2.exe.embed.manifest.res
         .\Debug\asst3.obj
         .\Debug\glsupport.obj
         .\Debug\ppm.obj
         LINK : .\Debug\asst2.exe not found or not built by the last incremental link; performing full link
       Manifest:
         C:\Program Files (x86)\Microsoft SDKs\Windows\v7.0A\bin\mt.exe /nologo /verbose /out:".\Debug\asst2.exe.embed.manifest" /manifest .\Debug\asst2.exe.intermediate.manifest
         All outputs are up-to-date.
       LinkEmbedManifest:
         All outputs are up-to-date.
         asst2.vcxproj -> C:\Users\HTPC\Documents\cs175\Final Project\CS175-Final\GLVersion\.\Debug\asst2.exe
       FinalizeBuildStatus:
         Deleting file ".\Debug\asst2.unsuccessfulbuild".
         Touching ".\Debug\asst2.lastbuildstate".
     1>Done Building Project "C:\Users\HTPC\Documents\cs175\Final Project\CS175-Final\GLVersion\asst2.vcxproj" (build target(s)).

Build succeeded.

Time Elapsed 00:00:05.33
