<<<<<<< HEAD
﻿Build started 12/14/2011 21:43:01.
     1>Project "C:\Users\Kane Hsieh\git\CS175-Final\Ray Tracing\asst10.vcxproj" on node 2 (build target(s)).
=======
﻿Build started 12/16/2011 2:03:43 AM.
     1>Project "C:\Users\HTPC\Documents\cs175\Final Project\CS175-Final\Ray Tracing\asst10.vcxproj" on node 2 (build target(s)).
>>>>>>> 76ad118586552974c685e9afed568660b1555c83
     1>InitializeBuildStatus:
         Creating "Release\final.unsuccessfulbuild" because "AlwaysCreate" was specified.
       ClCompile:
         C:\Program Files (x86)\Microsoft Visual Studio 10.0\VC\bin\CL.exe /c /Zi /nologo /W3 /WX- /O2 /Oy- /GL /D WIN32 /D NDEBUG /D _CONSOLE /D _UNICODE /D UNICODE /Gm- /EHsc /MD /GS /fp:precise /Zc:wchar_t /Zc:forScope /Fo"Release\\" /Fd"Release\vc100.pdb" /Gd /TP /analyze- /errorReport:prompt final.cpp perlin.cpp ppm.cpp raycast.cpp scene.cpp
         final.cpp
     1>final.cpp(52): warning C4244: 'argument' : conversion from 'time_t' to 'unsigned int', possible loss of data
         perlin.cpp
         ppm.cpp
         raycast.cpp
         scene.cpp
       Link:
         C:\Program Files (x86)\Microsoft Visual Studio 10.0\VC\bin\link.exe /ERRORREPORT:PROMPT /OUT:"C:\Users\HTPC\Documents\cs175\Final Project\CS175-Final\Ray Tracing\Release\final.exe" /INCREMENTAL:NO /NOLOGO kernel32.lib user32.lib gdi32.lib winspool.lib comdlg32.lib advapi32.lib shell32.lib ole32.lib oleaut32.lib uuid.lib odbc32.lib odbccp32.lib /MANIFEST /ManifestFile:"Release\final.exe.intermediate.manifest" /MANIFESTUAC:"level='asInvoker' uiAccess='false'" /DEBUG /PDB:"C:\Users\HTPC\Documents\cs175\Final Project\CS175-Final\Ray Tracing\Release\final.pdb" /SUBSYSTEM:CONSOLE /OPT:REF /OPT:ICF /LTCG /TLBID:1 /DYNAMICBASE:NO /IMPLIB:"C:\Users\HTPC\Documents\cs175\Final Project\CS175-Final\Ray Tracing\Release\final.lib" /MACHINE:X86 Release\final.obj
         Release\perlin.obj
         Release\ppm.obj
         Release\raycast.obj
         Release\scene.obj
         Generating code
         Finished generating code
         asst10.vcxproj -> C:\Users\HTPC\Documents\cs175\Final Project\CS175-Final\Ray Tracing\Release\final.exe
       Manifest:
         C:\Program Files (x86)\Microsoft SDKs\Windows\v7.0A\bin\mt.exe /nologo /verbose /outputresource:"C:\Users\HTPC\Documents\cs175\Final Project\CS175-Final\Ray Tracing\Release\final.exe;#1" /manifest Release\final.exe.intermediate.manifest
       FinalizeBuildStatus:
         Deleting file "Release\final.unsuccessfulbuild".
         Touching "Release\final.lastbuildstate".
     1>Done Building Project "C:\Users\HTPC\Documents\cs175\Final Project\CS175-Final\Ray Tracing\asst10.vcxproj" (build target(s)).

Build succeeded.

Time Elapsed 00:00:06.88
