Build started 12/14/2011 11:35:20 PM.
     1>Project "C:\Users\HTPC\Desktop\asst10\asst10.vcxproj" on node 2 (build target(s)).
     1>InitializeBuildStatus:
         Creating "Debug\asst10.unsuccessfulbuild" because "AlwaysCreate" was specified.
       ClCompile:
         C:\Program Files (x86)\Microsoft Visual Studio 10.0\VC\bin\CL.exe /c /ZI /nologo /W3 /WX- /Od /Oy- /D WIN32 /D _DEBUG /D _CONSOLE /D _UNICODE /D UNICODE /Gm /EHsc /RTC1 /MDd /GS /fp:precise /Zc:wchar_t /Zc:forScope /Fo"Debug\\" /Fd"Debug\vc100.pdb" /Gd /TP /analyze- /errorReport:prompt asst10.cpp
         asst10.cpp
       ManifestResourceCompile:
         All outputs are up-to-date.
       Link:
         C:\Program Files (x86)\Microsoft Visual Studio 10.0\VC\bin\link.exe /ERRORREPORT:PROMPT /OUT:"C:\Users\HTPC\Desktop\asst10\Debug\asst10.exe" /INCREMENTAL /NOLOGO kernel32.lib user32.lib gdi32.lib winspool.lib comdlg32.lib advapi32.lib shell32.lib ole32.lib oleaut32.lib uuid.lib odbc32.lib odbccp32.lib /MANIFEST /ManifestFile:"Debug\asst10.exe.intermediate.manifest" /MANIFESTUAC:"level='asInvoker' uiAccess='false'" /DEBUG /PDB:"C:\Users\HTPC\Desktop\asst10\Debug\asst10.pdb" /SUBSYSTEM:CONSOLE /TLBID:1 /DYNAMICBASE:NO /IMPLIB:"C:\Users\HTPC\Desktop\asst10\Debug\asst10.lib" /MACHINE:X86 Debug\asst10.exe.embed.manifest.res
         Debug\asst10.obj
         Debug\ppm.obj
         Debug\raycast.obj
         Debug\scene.obj
       Manifest:
         C:\Program Files (x86)\Microsoft SDKs\Windows\v7.0A\bin\mt.exe /nologo /verbose /out:"Debug\asst10.exe.embed.manifest" /manifest Debug\asst10.exe.intermediate.manifest
         All outputs are up-to-date.
       LinkEmbedManifest:
         All outputs are up-to-date.
         asst10.vcxproj -> C:\Users\HTPC\Desktop\asst10\Debug\asst10.exe
       FinalizeBuildStatus:
         Deleting file "Debug\asst10.unsuccessfulbuild".
         Touching "Debug\asst10.lastbuildstate".
     1>Done Building Project "C:\Users\HTPC\Desktop\asst10\asst10.vcxproj" (build target(s)).

Build succeeded.

Time Elapsed 00:00:04.09
